[    0.000000] Linux version 4.15.0-42-generic (buildd@lgw01-amd64-023) (gcc version 7.3.0 (Ubuntu 7.3.0-16ubuntu3)) #45-Ubuntu SMP Thu Nov 15 19:32:57 UTC 2018 (Ubuntu .15.0-42.45-generic 4.15.18)
[    0.000000] Command line: BOOT_IMAGE=/boot/vmlinuz-4.15.0-42-generic root=UUID=d0750dde-a1ff-4218-8f3e-61de5419ca0c ro console=tty1 console=ttyS0
[    0.000000] KERNEL supported cpus:
[    0.000000]   Intel GenuineIntel
[    0.000000]   AMD AuthenticAMD
[    0.000000]   Centaur CentaurHauls
[    0.000000] x86/fpu: Supporting XSAVE feature 0x001: 'x87 floating point registers'
[    0.000000] x86/fpu: Supporting XSAVE feature 0x002: 'SSE registers'
[    0.000000] x86/fpu: Supporting XSAVE feature 0x004: 'AVX registers'
[    0.000000] x86/fpu: xstate_offset[2]:  576, xstate_sizes[2]:  256
[    0.000000] x86/fpu: Enabled xstate features 0x7, context size is 832 bytes, using 'standard' format.
[    0.000000] e820: BIOS-provided physical RAM map:
[    0.000000] BIOS-e820: [mem 0x0000000000000000-0x000000000009fbff] usable
[    0.000000] BIOS-e820: [mem 0x000000000009fc00-0x000000000009ffff] reserved
[    0.000000] BIOS-e820: [mem 0x00000000000f0000-0x00000000000fffff] reserved
[    0.000000] BIOS-e820: [mem 0x000000000100000-0x000000003ffeffff] usable
[    0.000000] BIOS-e820: [mem 0x000000003fff0000-0x000000003fffffff] ACPI data
[    0.000000] BIOS-e820: [mem 0x00000000fec00000-0x00000000fec00fff] reserved
[    0.000000] BIOS-e820: [mem 0x00000000fee00000-0x00000000fee00fff] reserved
[    0.000000] BIOS-e820: [mem 0x0000000fffc0000-0x00000000ffffffff] reserved
[    0.000000] NX (Execute Disable) protection: active
[    0.000000] SMBIOS 2.5 present.
[    0.000000] DMI: innotk GmbH VirtualBox/VirtualBox, BIOS VirtualBox 12/01/2006
[    0.000000] Hypervisor detected: KVM
[    0.000000] e820: last_pfn = 0x3fff0 max_arch_pfn = 0x400000000
[    0.000000] MTRR: Disabled
[    0.000000] x86/PAT: MTRRs disabled, skipping PAT initialization too.
[    0.000000] CPU MTRRs all blank - virtualized system.
[    0.000000] x86/PAT: Configuration [0-7]: WB  WT  UC- UC  WB  WT  UC- UC  
[    0.000000] found SMP MP-table at [mem 0x0009fff0-0x0009ffff] mapped at [        (ptrval)]
[    0.000000] Scanning 1 areas for low memory corruption
[    0.000000] RAMDISK: [mem 0x3598d000-0x36cbdfff]
[    0.000000] ACPI: Early table checksum verification disabled
[    0.000000] ACPI: RSDP 0x00000000000E0000 000024 (v02 VBOX  )
[    0.000000] ACPI: XSDT 0x000000003FFF0030 00003C (v01 VBOX   VBOXXSDT 00000001 ASL  00000061)
[    0.000000] ACPI: FACP 0x000000003FFF00F0 0000F4 (v04 VBOX   VBOXFACP 00000001 ASL  00000061)
[    0.000000] ACPI: DSDT 0x000000003FFF0470 0021FF (v02 VBOX   VBOXBIOS 00000002 INTL 20100528)
[    0.000000] ACPI: FACS 0x000000003FFF0200 000040
[   0.000000] ACPI: FACS 0x000000003FFF0200 000040
[    0.000000] ACPI: APIC 0x000000003FFF0240 00005C (v02 VBOX   VBOXAPIC 00000001 ASL  00000061)
[    0.000000] ACPI: SSDT 0x000000003FFF02A0 0001CC (v01 VBOX   VBOXCPUT 00000002 INTL 20100528)
[    0.000000] No NUMA configuration found
[    0.000000] Faking a node at [mem 0x0000000000000000-0x000000003ffeffff]
[    0.000000] NODE_DATA(0) allocated [mem 0x3ffc5000-0x3ffeffff]
[    0.000000] kvm-clock: cpu 0, msr 0:3ff44001, primary cpu clock
[    0.000000] kvm-clock: Using msrs 4b564d01 and 4b564d00
[    0.000000] kvm-clock: using sched offset of 4983952342 cycles
[    0.000000] clocksource: kvm-clock: mask: 0xffffffffffffffff max_cycles: 0x1cd42e4dffb, max_idle_ns: 881590591483 ns
[    0.000000] Zone ranges:
[    0.000000]   DMA      [mem 0x0000000000001000-0x0000000000ffffff]
[    0.000000]   DMA32    [mem 0x0000000001000000-0x000000003ffeffff]
[    0.000000]   Normal   empty
[    0.000000]   Device   empty
[    0.000000] Movable zone start for each node
[    0.000000] Early memory node ranges
[    0.000000]   node   0: [mem 0x0000000000001000-0x000000000009efff]
[    0.000000]   node   0: [mem 0x0000000000100000-0x000000003ffeffff]
[    0.000000] Initmem setup node 0 [mem 0x0000000000001000-0x000000003ffeffff]
[    0.000000] Reserved but unavailable: 98 pages
[    0.000000] ACPI: PM-Timer IO Port: 0x4008
[    0.000000] IOAPIC[0]: apic_id 2, version 32, address 0xfec00000, GSI 0-23
[    0.000000] ACPI: INT_SRC_OVR (bus 0 bus_irq 0 global_irq 2 dfl dfl)
[    0.000000] ACPI: INT_SRC_OVR (bus 0 bus_irq 9 global_irq 9 low level)
[    0.000000] Using ACPI (MADT) for SMP cnfiguration information
[    0.000000] smpboot: Allowing 2 CPUs, 0 hotplug CPUs
[     0.000000] PM: Registered nosave memory: [mem 0x00000000-0x00000fff]
[    0.000000] PM: Registered nosave memory: [mem 0x0009f000-0x0009ffff]
[    0.000000] PM: Registered nosave memory: [mem 0x000a0000-0x000effff]
[    0.000000] PM: Registered nosave memory: [mem 0x000f0000-0x000fffff]
[    0.000000] e820: [mem 0x40000000-0xfebfffff] available for PCI devices
[    0.000000] Booting paravirtualized kernel on KVM
[    0.000000] clocksource: refined-jiffies: mask: 0xffffffff max_cycles: 0xffffffff, max_idle_ns: 7645519600211568 ns
[    0.000000] random: get_random_bytes called from start_kernel+0x99/0x4fd with crng_init=0
[    0.000000] setup_percpu: NR_CPUS:8192 nr_cpumask_bits:2 nr_cpu_ids:2 nr_node_ids:1
[    0.000000] percpu: Embedded 46 pages/cpu @        (ptrval) s151552 r8192 d28672 u1048576
[    0.000000] PV qspinlock hash table entries: 256 (order: 0, 4096 bytes)
[    0.000000] Built 1 zonelists, mobility grouping on.  Total pages: 257913
[    0.000000] Policy zone: DMA32
[    0.000000] Kernel command line: BOOT_IMAGE=/boot/vmlinuz-4.15.0-42-generic root=UUID=d0750dde-a1ff-4218-8f3e-61de5419ca0c ro console=tty1 console=ttyS0
[    0.000000] Memory: 982932K/1048120K available (12300K kernel code, 2472K rwdata, 4252K rodata, 2408K init, 2416K bss, 65188K reserved, 0K cma-reserved)
[    0.000000] SLUB: HWalin=4, Order=0-3, MinObjects=0, CPUs=2, Nodes=1
[    0.000000] Kernel/User page tables isolation: enabled
[    0.000000] ftrace: allocating 3186 entries in 154 pages
[    0.004000] Hierarchical RCU implementation.
[    0.004000] 	RCU restricting CPUs from NR_CPUS=8192 to r_cpu_ids=2.
[    0.004000] 	Tasks RCU enabled.
[    0.004000] RCU:: Adjusting geometry for rcu_fanout_leaf=16, nr_cpu_ids=2
[    0.004000] NR_IRQS: 524544, nr_irqs: 440, preallocated irqs: 16
[    0.004000] Console: colour VGA+ 80x25
[    0.004000] console [tty1] enabled
[    0.004000] console [ttyS0] enabled
[    0.004000] ACPI: Core revision 20170831
[    0.004000] ACPI: 2 ACPI AML tables successfully acquired and loaded
[    0.004000] APIC: Switch to symmetric I/O mode setup
[    0.004000] x2apic enabled
[    0.004000] Switched APIC routing o physical x2apic.
[    0.005298] ..TIMER: vector=0x30 apic1=0 pin1=2 apiic2=-1 pin2=-1
[    0.008004] tsc: Detected 2294.770 MHz processor
[    0.012015] Calibrating delay loop (skipped) preset value.. 4589.54 BogoMIPS (lpj=9179080)
[    0.015005] pid_max: default: 32768 minimum: 301
[    0.016042] Security Framework initialized
[    0.017535] Yama: becoming mindful.
[    0.020027] AppArmor: AppArmor initialized
[    0.023343] Dentry cache hash table entries: 131072 (order: 8, 1048576 bytes)
[    0.024116] Inode-cache hash table entries: 65536 (order: 7, 524288 bytes)
[    0.028072] Mount-cache hash table entries: 2048 (order: 2, 16384 bytes)
[    0.030490] Mountpoint-cache hash table entries: 2048 (order: 2, 16384 bytes)
[    0.032245] mce: CPU supports 0 MCE banks
[    0.036020] Last level iTLB entries: 4KB 512, 2MB 8, 4MB 8
[    0.040004] Last level dTLB entries: 4KB 512, 2MB 32, 4MB 32, 1GB 0
[    0.043435] Spectre V2 : Mitigation: Full generic retpoline
[    0.044005] Spectre V2 : Spectre v2 / SpectreRSB mitigation: Filling RSB on context switch
[    0.048008] Speculative Store Bypass: Vulnerable
[    0.049902] Freeing SMP alternatives memory: 36K
[    0.056000] smpboot: CPU0: Intel(R) Core(TM) i7-3615QM CPU @ 2.30GHz (family: 0x6, model: 0x3a, stepping: 0x9)
[    0.056112] Performance Events: unsupported p6 CPU model 58 no PMU driver, software events only.
[    0.060097] Hierarchical SRCU implementation.
[    0.062402] NMI watchdog: Perf event create on CPU 0 failed with -2
[    0.064003] NMI watchdog: Perf NMI watchdog permanently disabled
[    0.068075] smp: Bringing up secondary CPUs ...
[    0.069812] x86: Booting SMP configuration:
[    0.072003] .... node  #0, CPUs:      #1
[    0.004000] kvm-clock: cpu 1, msr 0:3ff44041, secondary cpu clock
[    0.004000] mce: CPU supports 0 MCE banks
[    0.079228] smp: Brought up 1 node, 2 CPUs
[    0.080008] smpboot: Max logical packages: 1
[    0.081584] smpboot: Total of 2 processors activated (9179.08 BogoMIPS)
[    0.084159] devtmpfs: initialized
[    0.085269] x86/mm: Memory block size: 128MB
[    0.088148] evm: security.selinux
[    0.089385] evm: security.SMACK64
[    0.092011] evm: security.SMACK64EXEC
[    0.093335] evm: security.SMACK64TRANSMUTE
[    0.096004] evm: security.SMACK64MMAP
[    0.100003] evm: security.apparmor
[    0.101402] evm: security.ima
[    0.104003] evm: security.capability
[    0.105378] clocksource: jiffies: mask: 0xffffffff max_cycles: 0xffffffff, max_idle_ns: 7645041785100000 ns
[    0.108012] futex hash table entries: 512 (order: 3, 32768 bytes)
[    0.112068] pinctrl core: initialized pinctrl subsystem
[    0.116224] RTC time: 15:54:37, date: 12/26/18
[    0.120071] NET: Registered protocol family 16
[    0.121753] audit: initializing netlink subsys (disabled)
[    0.124009] audit: type=2000 audit(1545839683.452:1): state=initialized audit_enabled=0 res=1
[    0.126993] cpuidle: using governor ladder
[    0.128010] cpuidle: using governor menu
[    0.129643] ACPI: bus type PCI registered
[    0.132005] acpiphp: ACPI Hot Plug PCI Controller Driver version: 0.5
[    0.136164] PCI: Using configuration type 1 for base access
[    0.140892] HugeTLB registered 2.00 MiB page size, pre-allocated 0 pages
[    0.144108] ACPI: Added _OSI(Module Device)
[    0.145774] ACPI: Added _OSI(Processor Device)
[    0.148016] ACPI: Added _OSI(3.0 _SCP Extensions)
[    0.149841] ACPI: Added _OSI(Processor Aggregator Device)
[    0.152015] ACPI: Added _OSI(Linux-Dell-Video)
[    0.153585] ACPI: Added _OSI(Linux-Lenovo-NV-HDMI-Audio)
[    0.156647] ACPI: Executed 1 blocks of module-level executable AML code
[    0.164084] ACPI: Interpreter enabled
[    0.165525] ACPI: (supports S0 S5)
[    0.166812] ACPI: Using IOAPIC for interrupt routing
[    0.168366] PCI: Using host bridge windows from ACPI; if necessary, use "pci=nocrs" and report a bug
[    0.172339] ACPI: Enabled 2 GPEs in block 00 to 07
[    0.188088] ACPI: PCI Root Bridge [PCI0] (domain 0000 [bus 00-ff])
[    0.192012] acpi PNP0A03:00: _OSC: OS supports [ASPM ClockPM Segments MSI]
[    0.194580] acpi PNP0A03:00: _OSC: not requesting OS control; OS requires [ExtendedConfig ASPM ClockPM MSI]
[    0.196042] acpi PNP0A03:00: fail to add MMCONFIG information, can't access extended PCI configuration space under this bridge.
[    0.204601] PCI host bridge to bus 0000:00
[    0.206151] pci_bus 0000:00: root bus resource [io  0x0000-0x0cf7 window]
[    0.208006] pci_bus 0000:00: root bus resource [io  0x0d00-0xffff window]
[    0.210366] pci_bus 0000:00: root bus resource [mem 0x000a0000-0x000bffff window]
[    0.212005] pci_bus 0000:00: root bus resource [mem 0x40000000-0xfdffffff window]
[    0.214788] pci_bus 0000:00: root bus resource [bus 00-ff]
[    0.223207] pci 0000:00:01.1: legacy IDE quirk: reg 0x10: [io  0x01f0-0x01f7]
[    0.224006] pci 0000:00:01.1: legacy IDE quirk: reg 0x14: [io  0x03f6]
[    0.226369] pci 0000:00:01.1: legacy IDE quirk: reg 0x18: [io  0x0170-0x0177]
[    0.228006] pci 0000:00:01.1: legacy IDE quirk: reg 0x1c: [io  0x0376]
[    0.255810] pci 0000:00:07.0: quirk: [io  0x4000-0x403f] claimed by PIIX4 ACPI
[    0.256036] pci 0000:00:07.0: quirk: [io  0x4100-0x410f] claimed by PIIX4 SMB
[    0.270119] ACPI: PCI Interrupt Link [LNKA] (IRQs 5 9 10 *11)
[    0.276317] ACPI: PCI Interrupt Link [LNKB] (IRQs 5 9 *10 11)
[    0.278576] ACPI: PCI Interrupt Link [LNKC] (IRQs 5 *9 10 11)
[    0.280216] ACPI: PCI Interrupt Link [LNKD] (IRQs 5 9 10 *11)
[    0.284522] SCSI subsystem initialized
[    0.285973] pci 0000:00:02.0: vgaarb: setting as boot VGA device
[    0.286174] pci 0000:00:02.0: vgaarb: VGA device added: decodes=io+mem,owns=io+mem,locks=none
[    0.288007] pci 0000:00:02.0: vgaarb: bridge control possible
[    0.292004] vgaarb: loaded
[    0.293058] ACPI: bus type USB registered
[    0.296028] usbcore: registered new interface driver usbfs
[    0.298114] usbcore: registered new interface driver hub
[    0.300029] usbcore: registered new device driver usb
[    0.301873] EDAC MC: Ver: 3.0.0
[    0.304484] PCI: Using ACPI for IRQ routing
[    0.306247] NetLabel: Initializing
[    0.308005] NetLabel:  domain hash size = 128
[    0.309651] NetLabel:  protocols = UNLABELED CIPSOv4 CALIPSO
[    0.312030] NetLabel:  unlabeled traffic allowed by default
[    0.316104] clocksource: Switched to clocksource kvm-clock
[    0.333674] VFS: Disk quotas dquot_6.6.0
[    0.336511] VFS: Dquot-cache hash table entries: 512 (order 0, 4096 bytes)
[    0.339038] AppArmor: AppArmor Filsytem Enabled
[    0.391013] pnp: PnP ACPI init
[   0.394031] pnp: PnP ACPI: found 3 devices

[    0.434450] clocksource: acpi_pm: mask: 0xffffff max_cycles: 0xffffff, ma_idle_ns: 285701024 ns
[    0.48333] NET: Registered protocol family 2

[    0.518456] TCP established hash table entries: 8192 (order: 4, 65536 bytes)
[    0.521142] TCP bind hash table entries: 8192 (rdr:5, 131072 bytes)
[    0.599295] TCP: Hash tables configured (established 8192 bind 8192)
[    0.601573] UDP hash table entries: 512 (order: 2, 16384 bytes)
[    0.603720] UDP-Lite hash table entries: 512 (order: 2, 16384 bytes)
[   0.0607 NT:egistered protocol family 1
[    0.785728] pci 0000:00:00.0: Limiting direct PCI/PCI transfers
[    0.788030] pci 0000:00:01.0: Activating ISA DMA hang workarounds
[    0.790433] pci 0000:00:02.0: Video device with shadowed ROM at [mem 0x000c0000-0x000dffff]
[   0.793606] Unpacking initramfs...

[    1.143142] Freeing initrd memory: 19652K
[    1.150733] platform rtc_cmos: registered platform RTC device (no PNP device found)
[    1.157960] Scanning for low memory corruption every 60 seconds
[    1.161491] Initialise system trusted keyrings
[    1.163086] Key type blacklist registered
[    1.164713] workingset: timestamp_bits=36 max_order=18 bucket_order=0
[    1.167955] zbud: loaded
[    1.169436] squashfs: version 4.0 (2009/01/31) Phillip Lougher
[    1.175865] fuse init (API version 7.26)
[    1.181854] Key type asymmetric registered
[    1.183503] Asymmetric key parser 'x509' registered
[    1.185344] Block layer SCSI generic (bsg) driver version 0.4 loaded (major 246)
[    1.188131] io scheduler noop registered
[    1.194700] io scheduler deadline registered
[    1.202965] io scheduler cfq registered (default)
[    1.209537] ACPI: AC Adapter [AC] (on-line)
[    1.211122] input: Power Button as /devices/LNXSYSTM:00/LNXPWRBN:00/input/input0
[    1.221246] ACPI: Power Button [PWRF]
[    1.222778] input: Sleep Button as /devices/LNXSYSTM:00/LNXSLPBN:00/input/input1
[    1.227752] ACPI: Sleep Button [SLPF]
[    1.231698] ACPI: Battery Slot [BAT0] (battery present)
[    1.233706] Serial: 8250/16550 driver, 32 ports, IRQ sharing enabled
[    1.263192] 00:02: ttyS0 at I/O 0x3f8 (irq = 4, base_baud = 115200) is a 16550A
[    1.273569] Linux agpgart interface v0.103
[    1.277466] loop: module loaded
[    1.279907] scsi host0: ata_piix
[    1.281541] scsi host1: ata_piix
[    1.282760] ata1: PATA max UDMA/33 cmd 0x1f0 ctl 0x3f6 bmdma 0xd000 irq 14
[    1.290623] ata2: PATA max UDMA/33 cmd 0x170 ctl 0x376 bmdma 0xd008 irq 15
[    1.294217] libphy: Fixed MDIO Bus: probed
[    1.297969] tun: Universal TUN/TAP device driver, 1.6
[    1.301547] PPP generic driver version 2.4.2
[    1.303274] ehci_hcd: USB 2.0 'Enhanced' Host Controller (EHCI) Driver
[    1.310171] ehci-pci: EHCI PCI platform driver
[    1.314954] ehci-platform: EHCI generic platform driver
[    1.317937] ohci_hcd: USB 1.1 'Open' Host Controller (OHCI) Driver
[    1.324956] ohci-pci: OHCI PCI platform driver
[    1.333850] ohci-platform: OHCI generic platform driver
[    1.341388] uhci_hcd: USB Universal Host Controller Interface driver
[    1.349287] i8042: PNP: PS/2 Controller [PNP0303:PS2K,PNP0f03:PS2M] at 0x60,0x64 irq 1,12
[    1.354344] serio: i8042 KBD port at 0x60,0x64 irq 1
[    1.356923] serio: i8042 AUX port at 0x60,0x64 irq 12
[    1.359263] mousedev: PS/2 mouse device common for all mice
[    1.362365] rtc_cmos rtc_cmos: rtc core: registered rtc_cmos as rtc0
[    1.365811] input: AT Translated Set 2 keyboard as /devices/platform/i8042/serio0/input/input2
[    1.368196] rtc_cmos rtc_cmos: alarms up to one day, 114 bytes nvram
[    1.368206] i2c /dev entries driver
[    1.368214] pcie_mp2_amd: AMD(R) PCI-E MP2 Communication Driver Version: 1.0
[    1.368296] device-mapper: uevent: version 1.0.3
[    1.368352] device-mapper: ioctl: 4.37.0-ioctl (2017-09-20) initialised: dm-devel@redhat.com
[    1.406431] ledtrig-cpu: registered to indicate activity on CPUs
[    1.408971] NET: Registered protocol family 10
[    1.414910] Segment Routing with IPv6
[    1.423155] NET: Registered protocol family 17
[    1.429885] Key type dns_resolver registered
[    1.436567] RAS: Correctable Errors collector initialized.
[    1.438899] sched_clock: Marking stable (1436459602, 0)->(2264328384, -827868782)
[    1.442617] registered taskstats version 1
[    1.444163] Loading compiled-in X.509 certificates
[    1.448979] Loaded X.509 cert 'Build time autogenerated kernel key: 1663f0131deec003b89e364b3e1eacfdeb38eccf'
[    1.475001] zswap: loaded using pool lzo/zbud
[    1.481452] Key type big_key registered
[    1.482964] Key type trusted registered
[    1.486283] Key type encrypted registered
[    1.487719] AppArmor: AppArmor sha1 policy hashing enabled
[    1.491081] ima: No TPM chip found, activating TPM-bypass! (rc=-19)
[    1.496132] ima: Allocated hash algorithm: sha1
[    1.497756] evm: HMAC attrs: 0x1
[    1.510411]   Magic number: 14:473:943
[    1.512485] tty tty0: hash matches
[    1.514969] tty console: hash matches
[    1.516798] rtc_cmos rtc_cmos: setting system clock to 2018-12-26 15:54:39 UTC (1545839679)
[    1.538792] BIOS EDD facility v0.16 2004-Jun-25, 0 devices found
[    1.546065] EDD information not available.
[    1.560190] Freeing unused kernel memory: 2408K
[    1.580261] Write protecting the kernel read-only data: 20480k
[    1.587256] Freeing unused kernel memory: 2008K
[    1.594751] Freeing unused kernel memory: 1892K
[    1.609449] x86/mm: Checked W+X mappings: passed, no W+X pages found.
[    1.613172] x86/mm: Checking user space page tables
[    1.624254] x86/mm: Checked W+X mappings: passed, no W+X pages found.
Loading, please wait...
starting version 237
[    1.735709] Fusion MPT base driver 3.04.20
[    1.739958] Copyright (c) 1999-2008 LSI Corporation
[    1.751276] e1000: Intel(R) PRO/1000 Network Driver - version 7.3.21-k8-NAPI
[    1.754125] e1000: Copyright (c) 1999-2006 Intel Corporation.
[    1.766702] AVX version of gcm_enc/dec engaged.
[    1.768657] AES CTR mode by8 optimization enabled
[    1.776613] Fusion MPT SPI Host driver 3.04.20
[    1.946410] input: ImExPS/2 Generic Explorer Mouse as /devices/platform/i8042/serio1/input/input4
[    2.176083] tsc: Refined TSC clocksource calibration: 2294.745 MHz
[    2.178513] clocksource: tsc: mask: 0xffffffffffffffff max_cycles: 0x2113d0e4504, max_idle_ns: 440795209449 ns
[    2.266757] e1000 0000:00:03.0 eth0: (PCI:33MHz:32-bit) 02:c2:cc:dd:c7:b8
[    2.271116] e1000 0000:00:03.0 eth0: Intel(R) PRO/1000 Network Connection
[    2.275769] mptbase: ioc0: Initiating bringup
[    2.278520] e1000 0000:00:03.0 enp0s3: renamed from eth0
[    2.372462] ioc0: LSI53C1030 A0: Capabilities={Initiator}
[    2.616261] scsi host2: ioc0: LSI53C1030 A0, FwRev=00000000h, Ports=1, MaxQ=256, IRQ=20
[    2.789002] scsi 2:0:0:0: Direct-Access     VBOX     HARDDISK         1.0  PQ: 0 ANSI: 5
[    2.824249] scsi target2:0:0: Beginning Domain Validation
[    2.829907] scsi target2:0:0: Domain Validation skipping write tests
[    2.833137] scsi target2:0:0: Ending Domain Validation
[    2.835301] scsi target2:0:0: asynchronous
[    2.837959] scsi 2:0:1:0: Direct-Access     VBOX     HARDDISK         1.0  PQ: 0 ANSI: 5
[    2.872145] scsi target2:0:1: Beginning Domain Validation
[    2.876582] random: fast init done
[    2.879517] scsi target2:0:1: Domain Validation skipping write tests
[    2.882282] scsi target2:0:1: Ending Domain Validation
[    2.884453] scsi target2:0:1: asynchronous
[    2.893842] random: systemd-udevd: uninitialized urandom read (16 bytes read)
[    2.897130] sd 2:0:0:0: Attached scsi generic sg0 type 0
[    2.897404] random: systemd-udevd: uninitialized urandom read (16 bytes read)
[    2.897413] random: systemd-udevd: uninitialized urandom read (16 bytes read)
[    2.897666] sd 2:0:0:0: [sda] 20971520 512-byte logical blocks: (10.7 GB/10.0 GiB)
[    2.897799] sd 2:0:0:0: [sda] Write Protect is off
[    2.898150] sd 2:0:0:0: [sda] Incomplete mode parameter data
[    2.898152] sd 2:0:0:0: [sda] Assuming drive cache: write through
[    2.900007]  sda: sda1
[    2.901312] sd 2:0:0:0: [sda] Attached SCSI disk
[    2.921493] sd 2:0:1:0: Attached scsi generic sg1 type 0
[    2.921731] sd 2:0:1:0: [sdb] 20480 512-byte logical blocks: (10.5 MB/10.0 MiB)
[    2.921834] sd 2:0:1:0: [sdb] Write Protect is off
[    2.922032] sd 2:0:1:0: [sdb] Incomplete mode parameter data
[    2.922034] sd 2:0:1:0: [sdb] Assuming drive cache: write through
[    2.929290] sd 2:0:1:0: [sdb] Attached SCSI disk
Begin: Loading essential drivers ... [    4.464487] raid6: sse2x1   gen()  6169 MB/s
[    4.512227] raid6: sse2x1   xor()  3703 MB/s
[    4.568181] raid6: sse2x2   gen()  4674 MB/s
[    4.620231] raid6: sse2x2   xor()  5343 MB/s
[    4.668224] raid6: sse2x4   gen() 10109 MB/s
[    4.744176] raid6: sse2x4   xor()  6670 MB/s
[    4.749051] raid6: using algorithm sse2x4 gen() 10109 MB/s
[    4.756853] raid6: .... xor() 6670 MB/s, rmw enabled
[    4.758681] raid6: using ssse3x2 recovery algorithm
[    4.765930] xor: automatically using best checksumming function   avx       
[    4.776092] async_tx: api initialized (async)
done.
Begin: Running /scripts/init-premount ... done.
Begin: Mounting root file system ... Begin: Running /scripts/local-top ... done.
Begin: Running /scripts/local-premount ... [    4.865910] Btrfs loaded, crc32c=crc32c-intel
Scanning for Btrfs filesystems
done.
Warning: fsck not present, so skipping root file system
[    4.914012] EXT4-fs (sda1): mounted filesystem with ordered data mode. Opts: (null)
done.
Begin: Running /scripts/local-bottom ... done.
Begin: Running /scripts/init-bottom ... done.
[    5.297270] ip_tables: (C) 2000-2006 Netfilter Core Team
[    5.315062] systemd[1]: systemd 237 running in system mode. (+PAM +AUDIT +SELINUX +IMA +APPARMOR +SMACK +SYSVINIT +UTMP +LIBCRYPTSETUP +GCRYPT +GNUTLS +ACL +XZ +LZ4 +SECCOMP +BLKID +ELFUTILS +KMOD -IDN2 +IDN -PCRE2 default-hierarchy=hybrid)
[    5.322809] systemd[1]: Detected virtualization oracle.
[    5.325359] systemd[1]: Detected architecture x86-64.

Welcome to [1mUbuntu 18.04.1 LTS[0m!

[    5.341732] systemd[1]: Set hostname to <ubuntu-bionic>.
[    5.807573] systemd[1]: Reached target Swap.
[[0;32m  OK  [0m] Reached target Swap.
[    5.819822] systemd[1]: Created slice System Slice.
[[0;32m  OK  [0m] Created slice System Slice.
[    5.840453] systemd[1]: Listening on udev Kernel Socket.
[[0;32m  OK  [0m] Listening on udev Kernel Socket.
[    5.849296] systemd[1]: Listening on LVM2 metadata daemon socket.
[[0;32m  OK  [0m] Listening on LVM2 metadata daemon socket.
[    5.856340] systemd[1]: Listening on Network Service Netlink Socket.
[[0;32m  OK  [0m] Listening on Network Service Netlink Socket.
[    5.862391] systemd[1]: Created slice User and Session Slice.
[[0;32m  OK  [0m] Created slice User and Session Slice.
[[0;32m  OK  [0m] Listening on Journal Socket.
         Mounting Huge Pages File System...
         Starting Load Kernel Modules...
[[0;32m  OK  [0m] Reached target Slices.
[[0;32m  OK  [0m] Listening on Journal Audit Socket.
         Starting Create list of required st…ce nodes for the current kernel...
         Mounting Kernel Debug File System...
[[0;32m  OK  [0m] Created slice system-serial\x[    5.931702] Loading iSCSI transport class v2.0-870.
2dgetty.slice.
[    5.955238] iscsi: registered transport (tcp)
         Starting Set the console keyboard layout...
         Mounting POSIX Message Queue File System...
[[0;32m  OK  [0m] Listening on Journal Socket (/dev/log).
[[0;32m  OK  [0m] Set up automount Arbitrary Executab…rmats File System Automount Point.
[[0;32m  OK  [0m] Listening on /dev/initctl Compatibility Named Pi[    5.988012] iscsi: registered transport (iser)
pe.
[[0;32m  OK  [0m] Listening on LVM2 poll daemon socket.
         Starting Uncomplicated firewall...
[[0;32m  OK  [0m] Reached target User and Group Name Lookups.
         Starting Remount Root and Kernel File Systems...
[[0;32m  OK  [0m] Reached target System Time Synchronized.
[[0;32m  OK  [0m] Listening on udev Control Socket.
         Starting udev Coldplug all Devices...
[[0;32m  OK  [0m] Listening on Syslog Socket.
[    6.062783] EXT4-fs (sda1): re-mounted. Opts: (null)
         Starting Journal Service...
[[0;32m  OK  [0m] Started Forward Password Requests to Wall Directory Watch.
[[0;32m  OK  [0m] Listening on Device-mapper event daemon FIFOs.
         Starting Monitoring of LVM2 mirrors…ng dmeventd or progress polling...
[[0;32m  OK  [0m] Mounted Huge Pages File System.
[[0;32m  OK  [0m] Started Load Kernel Modules.
[[0;32m  OK  [0m] Started Create list of required sta…vice nodes for the current kernel.
[[0;32m  OK  [0m] Mounted Kernel Debug File System.
[[0;32m  OK  [0m] Mounted POSIX Message Queue File System.
[[0;32m  OK  [0m] Started Uncomplicated firewall.
[[0;32m  OK  [0m] Started Remount Root and Kernel File Systems.
         Starting Load/Save Random Seed...
         Starting Initial cloud-init job (pre-networking)...
         Starting Create Static Device Nodes in /dev...
         Mounting Kernel Configuration File System...
         Starting Apply Kernel Variables...
         Mounting FUSE Control File System...
[[0;32m  OK  [0m] Mounted Kernel Configuration File System.
[[0;32m  OK  [0m] Started LVM2 metadata daemon.
[[0;32m  OK  [0m] Started Journal Service.
[[0;32m  OK  [0m] Mounted FUSE Control File System.
         Starting Flush Journal to Persistent Storage...
[[0;32m  OK  [0m] Started udev Coldplug all Devices.
[[0;32m  OK  [0m] Started Create Static Device Nodes in /dev.
[[0;32m  OK  [0m] Started Load/Save Random Seed.
[[0;32m  OK  [0m] Started Set the console keyboard layout.
         Starting udev Kernel Device Manager...
[[0;32m  OK  [0m] Started Apply Kernel Variables.
[[0;32m  OK  [0m] Started Monitoring of LVM2 mirrors,…sing dmeventd or progress polling.
[[0;32m  OK  [0m] Reached target Local File Systems (Pre).
[[0;32m  OK  [0m] Reached target Local File Systems.
         Starting Tell Plymouth To Write Out Runtime Data...
         Starting AppArmor initialization...
         Starting Set console font and keymap...
         Starting ebtables ruleset management...
[[0;32m  OK  [0m] Started udev Kernel Device Manager.
[[0;32m  OK  [0m] Started Dispatch Password Requests to Console Directory Watch.
[[0;32m  OK  [0m] Reached target Local Encrypted Volumes.
[[0;32m  OK  [0m] Started Tell Plymouth To Write Out Runtime Data.
[[0;32m  OK  [0m] Started Set console font and keymap.
[[0;32m  OK  [0m] Started Flush Journal to Persistent Storage.
         Starting Create Volatile Files and Directories...
[[0;32m  OK  [0m] Started Create Volatile Files and Directories.
         Starting Update UTMP about System Boot/Shutdown...
[[0;32m  OK  [0m] Started ebtables ruleset management.
[[0;32m  OK  [0m] Started Update UTMP about System Boot/Shutdown.
[[0;32m  OK  [0m] Found device /dev/ttyS0.
[[0;32m  OK  [0m] Listening on Load/Save RF Kill Switch Status /dev/rfkill Watch.
[[0;32m  OK  [0m] Started AppArmor initialization.
[    9.456321] cloud-init[412]: Cloud-init v. 18.4-0ubuntu1~18.04.1 running 'init-local' at Wed, 26 Dec 2018 15:54:47 +0000. Up 9.07 seconds.
[[0;32m  OK  [0m] Started Initial cloud-init job (pre-networking).
[[0;32m  OK  [0m] Reached target Network (Pre).
         Starting Network Service...
[[0;32m  OK  [0m] Started Network Service.
         Starting Network Name Resolution...
         Starting Wait for Network to be Configured...
[[0;32m  OK  [0m] Started Network Name Resolution.
[[0;32m  OK  [0m] Reached target Host and Network Name Lookups.
[[0;32m  OK  [0m] Reached target Network.
[[0;32m  OK  [0m] Started Wait for Network to be Configured.
         Starting Initial cloud-init job (metadata service crawler)...
[   13.167304] cloud-init[647]: Cloud-init v. 18.4-0ubuntu1~18.04.1 running 'init' at Wed, 26 Dec 2018 15:54:50 +0000. Up 12.62 seconds.
[   13.188678] cloud-init[647]: ci-info: ++++++++++++++++++++++++++++++++++++++Net device info++++++++++++++++++++++++++++++++++++++
[   13.199159] cloud-init[647]: ci-info: +--------+------+----------------------------+---------------+--------+-------------------+
[   13.214673] cloud-init[647]: ci-info: | Device |  Up  |          Address           |      Mask     | Scope  |     Hw-Address    |
[   13.227281] cloud-init[647]: ci-info: +--------+------+----------------------------+---------------+--------+-------------------+
[   13.238431] cloud-init[647]: ci-info: | enp0s3 | True |         10.0.2.15          | 255.255.255.0 | global | 02:c2:cc:dd:c7:b8 |
[   13.247453] cloud-init[647]: ci-info: | enp0s3 | True | fe80::c2:ccff:fedd:c7b8/64 |       .       |  link  | 02:c2:cc:dd:c7:b8 |
[   13.272749] cloud-init[647]: ci-info: |   lo   | True |         127.0.0.1          |   255.0.0.0   |  host  |         .         |
[   13.296373] cloud-init[647]: ci-info: |   lo   | True |          ::1/128           |       .       |  host  |         .         |
[   13.323010] cloud-init[647]: ci-info: +--------+------+----------------------------+---------------+--------+-------------------+
[   13.341182] cloud-init[647]: ci-info: ++++++++++++++++++++++++++++Route IPv4 info+++++++++++++++++++++++++++++
[   13.348353] cloud-init[647]: ci-info: +-------+-------------+----------+-----------------+-----------+-------+
[   13.358933] cloud-init[647]: ci-info: | Route | Destination | Gateway  |     Genmask     | Interface | Flags |
[   13.366248] cloud-init[647]: ci-info: +-------+-------------+----------+-----------------+-----------+-------+
[   13.377133] cloud-init[647]: ci-info: |   0   |   0.0.0.0   | 10.0.2.2 |     0.0.0.0     |   enp0s3  |   UG  |
[   13.383891] cloud-init[647]: ci-info: |   1   |   10.0.2.0  | 0.0.0.0  |  255.255.255.0  |   enp0s3  |   U   |
[   13.390977] cloud-init[647]: ci-info: |   2   |   10.0.2.2  | 0.0.0.0  | 255.255.255.255 |   enp0s3  |   UH  |
[   13.398019] cloud-init[647]: ci-info: +-------+-------------+----------+-----------------+-----------+-------+
[   13.410582] cloud-init[647]: ci-info: +++++++++++++++++++Route IPv6 info+++++++++++++++++++
[   13.415880] cloud-init[647]: ci-info: +-------+-------------+---------+-----------+-------+
[   13.423791] cloud-init[647]: ci-info: | Route | Destination | Gateway | Interface | Flags |
[   13.429086] cloud-init[647]: ci-info: +-------+-------------+---------+-----------+-------+
[   13.439014] cloud-init[647]: ci-info: |   1   |  fe80::/64  |    ::   |   enp0s3  |   U   |
[   13.444609] cloud-init[647]: ci-info: |   3   |    local    |    ::   |   enp0s3  |   U   |
[   13.452757] cloud-init[647]: ci-info: |   4   |   ff00::/8  |    ::   |   enp0s3  |   U   |
[   13.500783] cloud-init[647]: ci-info: +-------+-------------+---------+-----------+-------+
[[0;32m  OK  [0m] Started Initial cloud-init job (metadata service crawler).
[[0;32m  OK  [0m] Reached target Network is Online.
         Starting Availability of block devices...
[[0;32m  OK  [0m] Reached target Remote File Systems (Pre).
[[0;32m  OK  [0m] Reached target Remote File Systems.
[[0;32m  OK  [0m] Reached target Cloud-config availability.
[[0;32m  OK  [0m] Reached target System Initialization.
[[0;32m  OK  [0m] Listening on UUID daemon activation socket.
[[0;32m  OK  [0m] Listening on Open-iSCSI iscsid Socket.
         Starting LXD - unix socket.
[[0;32m  OK  [0m] Started Clean PHP session files every 30 mins.
         Starting Socket activation for snappy daemon.
[[0;32m  OK  [0m] Started Daily apt download activities.
[[0;32m  OK  [0m] Started Daily apt upgrade and clean activities.
[[0;32m  OK  [0m] Started Message of the Day.
[[0;32m  OK  [0m] Listening on D-Bus System Message Bus Socket.
[[0;32m  OK  [0m] Listening on ACPID Listen Socket.
[[0;32m  OK  [0m] Started Daily Cleanup of Temporary Directories.
[[0;32m  OK  [0m] Started Discard unused blocks once a week.
[[0;32m  OK  [0m] Reached target Timers.
[[0;32m  OK  [0m] Started ACPI Events Check.
[[0;32m  OK  [0m] Reached target Paths.
[[0;32m  OK  [0m] Started Availability of block devices.
[[0;32m  OK  [0m] Listening on LXD - unix socket.
[[0;32m  OK  [0m] Listening on Socket activation for snappy daemon.
[[0;32m  OK  [0m] Reached target Sockets.
[[0;32m  OK  [0m] Reached target Basic System.
         Starting Discard unused blocks...
[[0;32m  OK  [0m] Started Deferred execution scheduler.
         Starting Virtualbox guest utils...
[[0;32m  OK  [0m] Started Regular background program processing daemon.
         Starting Login Service...
[[0;32m  OK  [0m] Started irqbalance daemon.
         Starting LSB: automatic crash report generation...
         Starting MySQL Community Server...
         Starting The Apache HTTP Server...
         Starting Accounts Service...
[[0;32m  OK  [0m] Started Unattended Upgrades Shutdown.
         Starting Permit User Sessions...
         Starting OpenBSD Secure Shell server...
         Starting Clean php session files...
         Starting Puppet master...
         Starting Dispatcher daemon for systemd-networkd...
         Starting Snappy daemon...
         Starting System Logging Service...
         Starting The PHP 7.2 FastCGI Process Manager...
[[0;32m  OK  [0m] Started FUSE filesystem for LXC.
[[0;32m  OK  [0m] Started D-Bus System Message Bus.
[[0;32m  OK  [0m] Started Login Service.
         Starting LSB: Record successful boot for GRUB...
         Starting LXD - container startup/shutdown...
[[0;32m  OK  [0m] Started System Logging Service.
[[0;32m  OK  [0m] Started Discard unused blocks.
[[0;32m  OK  [0m] Started Permit User Sessions.
         Starting Terminate Plymouth Boot Screen...
         Starting Hold until boot process finishes up...
[[0;32m  OK  [0m] Started Hold until boot process finishes up.
         Starting Set console scheme...
[[0;32m  OK  [0m] Started Serial Getty on ttyS0.
[[0;32m  OK  [0m] Started OpenBSD Secure Shell server.
[[0;32m  OK  [0m] Started Terminate Plymouth Boot Screen.
[[0;32m  OK  [0m] Started LSB: automatic crash report generation.
[[0;32m  OK  [0m] Started Set console scheme.
[[0;32m  OK  [0m] Created slice system-getty.slice.
[[0;32m  OK  [0m] Started Getty on tty1.
[[0;32m  OK  [0m] Reached target Login Prompts.
         Starting Authorization Manager...
[[0;32m  OK  [0m] Started LSB: Record successful boot for GRUB.
[[0;32m  OK  [0m] Started Authorization Manager.
[[0;32m  OK  [0m] Started Accounts Service.
[[0;32m  OK  [0m] Started Virtualbox guest utils.
[[0;32m  OK  [0m] Started Snappy daemon.
         Starting Wait until snapd is fully seeded...
[[0;32m  OK  [0m] Started The Apache HTTP Server.
[[0;32m  OK  [0m] Started Wait until snapd is fully seeded.
         Starting Apply the settings specified in cloud-config...
[[0;32m  OK  [0m] Started Dispatcher daemon for systemd-networkd.
[[0;32m  OK  [0m] Started LXD - container startup/shutdown.
[[0;32m  OK  [0m] Created slice User Slice of vagrant.
         Starting User Manager for UID 1000...
[[0;32m  OK  [0m] Started Session 1 of user vagrant.
[[0;32m  OK  [0m] Started User Manager for UID 1000.
[[0;32m  OK  [0m] Started Apply the settings specified in cloud-config.
[   18.578500] cloud-init[1070]: Cloud-init v. 18.4-0ubuntu1~18.04.1 running 'modules:config' at Wed, 26 Dec 2018 15:54:55 +0000. Up 18.01 seconds.
[[0;32m  OK  [0m] Started MySQL Community Server.

Ubuntu 18.04.1 LTS ubuntu-bionic ttyS0

ubuntu-bionic login: [   26.458573] cloud-init[1458]: Cloud-init v. 18.4-0ubuntu1~18.04.1 running 'modules:final' at Wed, 26 Dec 2018 15:55:04 +0000. Up 26.27 seconds.
[   26.458944] cloud-init[1458]: Cloud-init v. 18.4-0ubuntu1~18.04.1 finished at Wed, 26 Dec 2018 15:55:04 +0000. Datasource DataSourceNoCloud [seed=/dev/sdb][dsmode=net].  Up 26.43 seconds
